00000000
IIIIIIIZ
IIIIIIIX
ICIICHII
IIIIIIIH
CCZIIIII
IIIICCIZ
IIIICIIX
CCHIIIII
IIIIICIH
ICIICZII
IIIIIIIZ
IIIIIIIX
ICIICHII
IIIIIIIH
CCZIIIII
IIIICCIZ
CCIIXIII
IIIIIIIX
IICIICIH
ICIICZII
IIIIIIIZ
IIIIIIIX
ICIICHII
IIIIIIIH
CCZIIIII
IIIICCIZ
IIIICIIX
CCHIIIII
IIIIICIH
ICIICZII
IIIIIIIZ
IIIIIIIX
CCHIIIII
IIIICCIH
CCZIIIII
IIIIICIZ
IIIICICX
CCSIIIII
IIIICCSI
IIIIIIIS
CIIICZII
IIIIIIIZ
IICCXIII
IIIIIICX
CICSIIII
IIIIICCS
ICCZIIII
IIIICCIZ
CCXIIIII
IIICICXI
IIIIIIIX
IIIICICS
IIIICCIZ
IICCXIII
IIIIIICX
IICCISII
IIIIIICS
ICCIZIII
IIIIIIIZ
IIIIICIX
CCHIIIII
IIIICCIH
CCZIIIII
IIIICCIZ
IIIIIIIX
ICCHIIII
IIIICCIH
CCZIIIII
IIIICCIZ
CCXIIIII
IIICICXI
IIIIIIIX
ICIICISI
IIIIIIIS
ICIICZII
IIIIIIIZ
IICCXIII
IIIIIICX
ICCSIIII
IIIIICCS
CICZIIII
IIIICCIZ
CCXIIIII
IIICICXI
IIIIIIIX
IICICISI
IIIIIIIS
IICICZII
IIIIIIIZ
IICCXIII
IIIIIICX
IIICICSI
IIIIIIIS
ICIICIIZ
IIIIICIX
ICCHIIII
IIIICCIH
ICCZIIII
IIIICCIZ
IIIIIIIX
IICCHIII
IIIIICIH
CICIZIII
IIIIICIZ
CCXIIIII
IIICICXI
IIIIIIIX
ICCISIII
IIIIIICS
CICIZIII
IIIIICIZ
IIIICIIX
CIICIHII
IIIIIIIH
IICCZIII
IIIIICIZ
IIIIIIIX
CCIHIIII
IIIICCIH
CICZIIII
IIIICCIZ
IICCXIII
IIIIIICX
ICICISII
IIIIIICS
CICIZIII
IIIIICIZ
CCIIXIII
IIIIIIIX
CICHIIII
IIIIICIH
CCIZIIII
IIIICCIZ
IIIIIIIX
CIICHIII
IIIIICIH
IICCZIII
IIIIICIZ
IIIICIIX
IICCIHII
IIIIIIIH
CIICZIII
IIIIICIZ
IIIIIIIX
CCIIIIHI
IIIIIIIH
ICICIIZI
IIIIIIIZ
CCXIIIII
IIICICXI
IIIIIIIX
CIICIISI
IIIIIIIS
CIICIZII
IIIIIIIZ
IICCXIII
IIIIIICX
CICISIII
IIIIICCS
ICCIIZII
IIIIIIIZ
CCXIIIII
IIICICXI
IIIIIIIX
CCISIIII
IIIIIICS
CCIZIIII
IIIIICIZ
IICCXIII
IIIIIICX
CCSIIIII
IIIICCSI
IIIIIIIS
CICZIIII
IIIIIIIZ
IIIIICIX
CCIIIIHI
IIIIIIIH
CCIIIIZI
IIIIIIIZ
IIIIIIIX
ICCHIIII
IIIICCIH
CCZIIIII
IIIICCIZ
CCXIIIII
IIICICXI
IIIIIIIX
CICSIIII
IIIIIICS
CICZIIII
IIIIICIZ
IICCXIII
IIIIIICX
CIIICSII
IIIIIICS
CCIZIIII
IIIICCIZ
IIIICIIX
ICCHIIII
IIIICCIH
ICCZIIII
IIIICCIZ
IIIIIIIX
IICCHIII
IIIIICIH
CICIZIII
IIIIICIZ
CCXIIIII
IIICICXI
IIIIIIIX
ICCISIII
IIIIIICS
CICIZIII
IIIIICIZ
IIIICIIX
CIICIHII
IIIIIIIH
IICCZIII
IIIIICIZ
IIIIIIIX
CCIHIIII
IIIICCIH
CICZIIII
IIIICCIZ
IICCXIII
IIIIIICX
ICICISII
IIIIIICS
CICIZIII
IIIIICIZ
CCIIXIII
IIIIIIIX
CICHIIII
IIIIICIH
CCIZIIII
IIIICCIZ
IIIIIIIX
CIICHIII
IIIIICIH
IICCZIII
IIIIICIZ
IIIICIIX
IICCIHII
IIIIIIIH
CIICZIII
IIIIICIZ
IIIIIIIX
CCIIIIHI
IIIIIIIH
ICICIIZI
IIIIIIIZ
CCXIIIII
IIICICXI
IIIIIIIX
CIICIISI
IIIIIIIS
CIICIZII
IIIIIIIZ
IICCXIII
IIIIIICX
CICISIII
IIIIICCS
ICCIIZII
IIIIIIIZ
CCXIIIII
IIICICXI
IIIIIIIX
CCISIIII
IIIIIICS
CCIZIIII
IIIIICIZ
IICCXIII
IIIIIICX
CCSIIIII
IIIICCSI
IIIIIIIS
CICZIIII
IIIIIIIZ
IIIIICIX
CCIIIIHI
IIIIIIIH
CCIIIIZI
IIIIIIIZ
IIIIIIIX
ICCHIIII
IIIICCIH
CCZIIIII
IIIICCIZ
CCXIIIII
IIICICXI
IIIIIIIX
CICSIIII
IIIIIICS
CICZIIII
IIIIICIZ
IICCXIII
IIIIIICX
CIIICSII
IIIIIICS
CCIZIIII
IIIICCIZ
IIIICIIX
ICCHIIII
IIIICCIH
ICCZIIII
IIIICCIZ
IIIIIIIX
IICCHIII
IIIIICIH
CICIZIII
IIIIICIZ
CCXIIIII
IIICICXI
IIIIIIIX
CCIISIII
IIIIIICS
IIIICCIZ
IIIICIIX
CIICIHII
IIIIIIIH
IICCZIII
IIIIICIZ
IIIIIIIX
CCIHIIII
IIIICCIH
CCIIZIII
IIIIICIZ
IIICIICX
CICISIII
IIIIICCS
IIIICCIZ
CCIIXIII
IIIIIIIX
CICHIIII
IIIIICIH
CCIZIIII
IIIICCIZ
IIIIIIIX
IICCHIII
IIIIICIH
CIICZIII
IIIIICIZ
IIIICIIX
CIICIHII
IIIIIIIH
IICCZIII
IIIIICIZ
IIIIIIIX
CIICHIII
IIIIICIH
CIIICZII
IIIIIIIZ
IIICIICX
ICIICSII
IIIIIICS
IICICZII
IIIIIIIZ
IICCXIII
IIIIIICX
IIICICSI
IIIIIIIS
CCIZIIII
IIIICCIZ
CCXIIIII
IIICICXI
IIIIIIIX
IICICISI
IIIIIIIS
CCZIIIII
IIIICCIZ
IIIICICX
CCSIIIII
IIIIICCS
ICIICZII
IIIIIIIZ
IIIIIICX
ICIICSII
IIIIIICS
CCZIIIII
IIIICCIZ
CCIIXIII
IIIIIICX
IICIICSI
IIIIIIIS
ICIICZII
IIIIIIIZ
IIIIIICX
ICIICSII
IIIIIICS
ICIICIIZ
IIIIICIX
CIICHIII
IIIIICIH
CIICZIII
IIIIICIZ
IIIIIIIX
ICIICHII
IIIIIIIH
CCZIIIII
IIIICCIZ
IIIICICX
CCSIIIII
IIIIICCS
ICIICZII
IIIIIIIZ
IIIIIICX
ICIICSII
IIIIIICS
CCZIIIII
IIIICCIZ
IIIICIIX
CCHIIIII
IIIIICIH
ICIICZII
IIIIIIIZ
IIIIIIIX
ICIICHII
IIIIIIIH
ICICZIII
IIIIICIZ
IIICIICX
ICIICSII
IIIIIICS
CCZIIIII
IIIICCIZ
CCIIXIII
IIIIIIIX
IICIICIH
ICIICZII
IIIIIIIZ
IIIIIIIX
ICIICHII
IIIIIIIH
CCZIIIII
IIIICCIZ
IIIICIIX
CCHIIIII
IIIIICIH
ICIICZII
IIIIIIIZ
IIIIIIIX
CCHIIIII
IIIICCIH
CCZIIIII
IIICCZII
IIIIIIIZ
IIICIICX
CCSIIIII
IIIICCSI
IIIIIIIS
CIIICZII
IIIIIIIZ
IICCXIII
IIIIIICX
CICSIIII
IIIIICCS
ICCZIIII
IIIICCIZ
CCXIIIII
IIICICXI
IIIIIIIX
IIIICICS
IIIICCIZ
IICCXIII
IIIIIICX
IICCISII
IIIIIICS
ICCIZIII
IIIIIIIZ
IIIIICIX
CCHIIIII
IIIICCIH
CCZIIIII
IIIICCIZ
IIIIIIIX
ICCHIIII
IIIICCIH
CCZIIIII
IIIICCIZ
CCXIIIII
IIICICXI
IIIIIIIX
ICIICISI
IIIIIIIS
ICIICZII
IIIIIIIZ
IICCXIII
IIIIIICX
ICCSIIII
IIIIICCS
CICZIIII
IIIICCIZ
CCXIIIII
IIICICXI
IIIIIIIX
IICICISI
IIIIIIIS
IICICZII
IIIIIIIZ
IICCXIII
IIIIIICX
IIICICSI
IIIIIIIS
ICIICIIZ
IIIIICIX
ICCHIIII
IIIICCIH
ICCZIIII
IIIICCIZ
IIIIIIIX
IICCHIII
IIIIICIH
CICIZIII
IIIIICIZ
CCXIIIII
IIICICXI
IIIIIIIX
ICCISIII
IIIIIICS
CICIZIII
IIIIICIZ
IIIICIIX
CIICIHII
IIIIIIIH
IICCZIII
IIIIICIZ
IIIIIIIX
CCIHIIII
IIIICCIH
CICZIIII
IIIICCIZ
IICCXIII
IIIIIICX
ICICISII
IIIIIICS
CICIZIII
IIIIICIZ
CCIIXIII
IIIIIIIX
CICHIIII
IIIIICIH
CCIZIIII
IIIICCIZ
IIIIIIIX
CIICHIII
IIIIICIH
IICCZIII
IIIIICIZ
IIIICIIX
IICCIHII
IIIIIIIH
CIICZIII
IIIIICIZ
IIIIIIIX
CCIIIIHI
IIIIIIIH
ICICIIZI
IIIIIIIZ
CCXIIIII
IIICICXI
IIIIIIIX
CIICIISI
IIIIIIIS
CIICIZII
IIIIIIIZ
IICCXIII
IIIIIICX
CICISIII
IIIIICCS
ICCIIZII
IIIIIIIZ
CCXIIIII
IIICICXI
IIIIIIIX
CCISIIII
IIIIIICS
CCIZIIII
IIIIICIZ
IICCXIII
IIIIIICX
CCSIIIII
IIIICCSI
IIIIIIIS
CICZIIII
IIIIIIIZ
IIIIICIX
CCIIIIHI
IIIIIIIH
CCIIIIZI
IIIIIIIZ
IIIIIIIX
ICCHIIII
IIIICCIH
CCZIIIII
IIIICCIZ
CCXIIIII
IIICICXI
IIIIIIIX
CICSIIII
IIIIIICS
CICZIIII
IIIIICIZ
IICCXIII
IIIIIICX
CIIICSII
IIIIIICS
CCIZIIII
IIIICCIZ
IIIICIIX
ICCHIIII
IIIICCIH
ICCZIIII
IIIICCIZ
IIIIIIIX
IICCHIII
IIIIICIH
CICIZIII
IIIIICIZ
CCXIIIII
IIICICXI
IIIIIIIX
ICCISIII
IIIIIICS
CICIZIII
IIIIICIZ
IIIICIIX
CIICIHII
IIIIIIIH
IICCZIII
IIIIICIZ
IIIIIIIX
CCIHIIII
IIIICCIH
CICZIIII
IIIICCIZ
IICCXIII
IIIIIICX
ICICISII
IIIIIICS
CICIZIII
IIIIICIZ
CCIIXIII
IIIIIIIX
CICHIIII
IIIIICIH
CCIZIIII
IIIICCIZ
IIIIIIIX
CIICHIII
IIIIICIH
IICCZIII
IIIIICIZ
IIIICIIX
IICCIHII
IIIIIIIH
CIICZIII
IIIIICIZ
IIIIIIIX
CCIIIIHI
IIIIIIIH
ICICIIZI
IIIIIIIZ
CCXIIIII
IIICICXI
IIIIIIIX
CIICIISI
IIIIIIIS
CIICIZII
IIIIIIIZ
IICCXIII
IIIIIICX
CICISIII
IIIIICCS
ICCIIZII
IIIIIIIZ
CCXIIIII
IIICICXI
IIIIIIIX
CCISIIII
IIIIIICS
CCIZIIII
IIIIICIZ
IICCXIII
IIIIIICX
CCSIIIII
IIIICCSI
IIIIIIIS
CICZIIII
IIIIIIIZ
IIIIICIX
CCIIIIHI
IIIIIIIH
CCIIIIZI
IIIIIIIZ
IIIIIIIX
ICCHIIII
IIIICCIH
CCZIIIII
IIIICCIZ
CCXIIIII
IIICICXI
IIIIIIIX
CICSIIII
IIIIIICS
CICZIIII
IIIIICIZ
IICCXIII
IIIIIICX
CIIICSII
IIIIIICS
CCIZIIII
IIIICCIZ
IIIICIIX
ICCHIIII
IIIICCIH
ICCZIIII
IIIICCIZ
IIIIIIIX
IICCHIII
IIIIICIH
CICIZIII
IIIIICIZ
CCXIIIII
IIICICXI
IIIIIIIX
CCIISIII
IIIIIICS
IIIICCIZ
IIIICIIX
CIICIHII
IIIIIIIH
IICCZIII
IIIIICIZ
IIIIIIIX
CCIHIIII
IIIICCIH
CCIIZIII
IIIIICIZ
IIICIICX
CICISIII
IIIIICCS
IIIICCIZ
CCIIXIII
IIIIIIIX
CICHIIII
IIIIICIH
CCIZIIII
IIIICCIZ
IIIIIIIX
IICCHIII
IIIIICIH
CIICZIII
IIIIICIZ
IIIICIIX
CIICIHII
IIIIIIIH
IICCZIII
IIIIICIZ
IIIIIIIX
CIICHIII
IIIIICIH
CIIICZII
IIIIIIIZ
IIICIICX
ICIICSII
IIIIIICS
IICICZII
IIIIIIIZ
IICCXIII
IIIIIICX
IIICICSI
IIIIIIIS
CCIZIIII
IIIICCIZ
CCXIIIII
IIICICXI
IIIIIIIX
IICICISI
IIIIIIIS
CCZIIIII
IIIICCIZ
IIIICICX
CCSIIIII
IIIIICCS
ICIICZII
IIIIIIIZ
IIIIIICX
ICIICSII
IIIIIICS
CCZIIIII
IIIICCIZ
CCIIXIII
IIIIIICX
IICIICSI
IIIIIIIS
ICIICZII
IIIIIIIZ
IIIIIICX
ICIICSII
IIIIIICS
ICIICIIZ
IIIIICIX
CIICHIII
IIIIICIH
CIICZIII
IIIIICIZ
IIIIIIIX
ICIICHII
IIIIIIIH
CCZIIIII
IIIICCIZ
IIIICICX
CCSIIIII
IIIIICCS
ICIICZII
IIIIIIIZ
IIIIIICX
ICIICSII
IIIIIICS
ICICZIII
IIIIICIZ
IIICIICX
ICIICSII
IIIIIICS
ICIIICIZ
IIIICIIX
ICIICHII
IIIIIIIH
ICIICZII
IIIIIIIZ
IIIIIIIX
IICICHII
IIIIIIIH
IICCIZII
IIIIIIIZ
IIICCIXI
IIIIIIIX
ICCIISII
IIIIIICS
ICCZIIII
IIIICCIZ
IIICCIIX
IICICHII
IIIIIIIH
IICICZII
IIIIIIIZ
IIIIIIIX
IICICHII
IIIIIIIH
IICCZIII
IIIIICIZ
IIICIIIX
IICICHII
IIIIIIIH
IICICZII
IIIIIIIZ
IIIIIIIX
IICCHIII
IIIIICIH
IICICZII
IIIIIIIZ
IIICIIIX
IICCHIII
IIIIICIH
IICCZIII
IIIIICIZ
IIIIIIIX
CCIHIIII
IIIICCIH
CCIIZIII
IIIIICIZ
IIICIIIX
CCIHIIII
IIIICCIH
CCIZIIII
IIIICCIZ
IIIIIIIX
CIICHIII
IIIIICIH
CIICZIII
IIIIIIIZ
IIIIICCX
ICCIISII
IIIIIICS
ICCIIZII
IIIIIIIZ
IIIIIICX
ICCIISII
IIIIIICS
ICCZIIII
IIIIICIZ
IIICIIIX
CIICHIII
IIIIICIH
CIICZIII
IIIIICIZ
IIIIIIIX
CCHIIIII
IIIICCIH
CCZIIIII
IIICCZII
IIIIIIIZ
IIICIIIX
CCHIIIII
IIIICCIH
CCZIIIII
IIIICCIZ
IIIIIIIX
CCHIIIII
IIIICCIH
CCZIIIII
IIIIICIZ
IIIICICX
ICCIISII
IIIIIICS
ICCIIZII
IIIIIIIZ
IIIIIICX
ICCIISII
IIIIIICS
CCIIIZII
IIIIIIIZ
IIIICIIX
ICIIICIH
CCZIIIII
IIIICCIZ
IIIIIIIX
CIICHIII
IIIIICIH
CCZIIIII
IIICCZII
IIIIIIIZ
IICCXIII
IIIIIICX
IICCSIII
IIIIICCS
CCIIIZII
IIIIIIIZ
CCIIXIII
IIIIIIIX
CCHIIIII
IIICICIH
CIICZIII
IIIIICIZ
IIIIIIIX
CCIHIIII
IIIICCIH
ICCZIIII
IIIICCIZ
IIIICIIX
ICCHIIII
IIIIICIH
CCIZIIII
IIIICCIZ
IIIIIIIX
CIICHIII
IIIIICIH
IIIICCIZ
CCXIIIII
IIICICXI
IIIIIIIX
IIIIIICS
IICCIZII
IIIIIIIZ
CIIIICIX
ICIICIIH
CIICZIII
IIIIICIZ
IIIIIIIX
IICICHII
IIIIIIIH
CIIICZII
IIIIIIIZ
IIIICIIX
CIIIICIH
IICICZII
IIIIIIIZ
IIIIIIIX
ICCIHIII
IIIIICIH
ICCIIZII
IIIIIIIZ
IIIICIIX
ICCIHIII
IIIIICIH
ICCIZIII
IIIIICIZ
IIIIIIIX
ICIICHII
IIIIIIIH
ICIICIIZ
IIIIICCX
ICCIISII
IIIIIICS
ICCIIZII
IIIIIIIZ
IIIIIICX
ICCIISII
IIIIIICS
IICCIZII
IIIIIIIZ
CIIIICIX
CIICHIII
IIIIIIIH
ICIICZII
IIIIIIIZ
IIIIIIIX
ICIICHII
IIIIIIIH
CCZIIIII
IIIICCIZ
IIIICIIX
CCHIIIII
IIIIICIH
ICIICZII
IIIIIIIZ
IIIIIIIX
IICICHII
IIIIIIIH
IICIICIZ
IIIICICX
ICCIISII
IIIIIICS
ICCIIZII
IIIIIIIZ
IIIIIICX
ICCIISII
IIIIIICS
IIIIICIZ
IICCXIII
IIIIIICX
IICCSIII
IIIIICCS
CCZIIIII
IIICICIZ
CCXIIIII
IIICICXI
IIIIIIIX
IIIIIICS
ICCZIIII
IIIICCIZ
IIICCIIX
IICICHII
IIIIIIIH
IICICZII
IIIIIIIZ
IIIIIIIX
IICICHII
IIIIIIIH
IICCZIII
IIIIICIZ
IIICIIIX
IICICHII
IIIIIIIH
IICICZII
IIIIIIIZ
IIIIIIIX
IICCHIII
IIIIICIH
IICICZII
IIIIIIIZ
IIICIIIX
IICCHIII
IIIIICIH
IICCZIII
IIIIICIZ
IIIIIIIX
CCIHIIII
IIIICCIH
CCIIZIII
IIIIICIZ
IIICIIIX
CCIHIIII
IIIICCIH
CCIZIIII
IIIICCIZ
IIIIIIIX
CIICHIII
IIIIICIH
CIICZIII
IIIIIIIZ
IIIIICCX
ICCIISII
IIIIIICS
ICCIIZII
IIIIIIIZ
IIIIIICX
ICCIISII
IIIIIICS
ICCZIIII
IIIIICIZ
IIICIIIX
CIICHIII
IIIIICIH
CIICZIII
IIIIICIZ
IIIIIIIX
CCHIIIII
IIIICCIH
CCZIIIII
IIICCZII
IIIIIIIZ
IIICIIIX
CCHIIIII
IIIICCIH
CCZIIIII
IIIICCIZ
IIIIIIIX
ICCHIIII
IIIICCIH
ICCZIIII
IIIIICIZ
IIIICICX
ICCIISII
IIIIIICS
ICCIIZII
IIIIIIIZ
IIIIIICX
ICIIICSI
IIIIIIIS
ICICIZII
IIIIIIIZ
IIICIICX
ICIIICSI
IIIIIIIS
ICIICZII
IIIIIIIZ
IIIICIIX
ICCHIIII
IIIICCIH
ICCZIIII
IIIICCIZ
IIIIIIIX
CIICHIII
IIIIICIH
CIIICZII
IIIIIIIZ
IIICIICX
ICCIISII
IIIIIICS
ICCIIIIZ
IIIIICIX
CIICHIII
IIIIICIH
CIICZIII
IIIIIIIZ
IIIIICCX
ICCIISII
IIIIIICS
ICCIIZII
IIIIIIIZ
IIIIIICX
ICCIISII
IIIIIICS
ICCIZIII
IIIIICIZ
IIIICIIX
IICCHIII
IIIIICIH
IICCIZII
IIIIIIIZ
IIIICICX
ICCIISII
IIIIIICS
ICCIIZII
IIIIIIIZ
IIIIIICX
IIICICSI
IIIIIIIS
IIIICCIZ
IIICCIXI
IIIIIIIX
IIICICSI
IIIIIIIS
IIICICIZ
IIIIIICX
IIICICSI
IIIIIIIS
IIICIIIZ
IIIIICIX
IICCHIII
IIIIICIH
IICCZIII
IIIIICIZ
IIIIIIIX
CIICHIII
IIIIICIH
CIIICZII
IIIIIIIZ
IIICIICX
IIICICSI
IIIIIIIS
IIICICIZ
IIIIIICX
IIIICCSI
IIIIIIIS
IIICCZII
IIIIIIIZ
IIICIICX
IIIICCSI
IIIIIIIS
IIIICCIZ
IIIIIICX
CCSIIIII
IIICICSI
IIIIIIIS
CCZIIIII
IIIIICIZ
IIICIICX
CCSIIIII
IIICICSI
IIIIIIIS
CCZIIIII
IIICICIZ
IIIIIICX
CICSIIII
IIIIICCS
CICIIZII
IIIIIIIZ
IIICIICX
CICSIIII
IIIIICCS
CICZIIII
IIIIICIZ
IIIIIICX
CCISIIII
IIIIICCS
CCIZIIII
IIIIIIIZ
IIIIICIX
CIICHIII
IIIIICIH
CIICZIII
IIIIICIZ
IIIIIIIX
CIICHIII
IIIIICIH
CIIICZII
IIIIIIIZ
IIICIICX
CCISIIII
IIIIICCS
CCIZIIII
IIIIICIZ
IIIIIICX
CCISIIII
IIIIICCS
ICCZIIII
IIIIICIZ
IIIICICX
ICCSIIII
IIIICCSI
IIIIIIIS
CCIZIIII
IIIIICIZ
IIIIIICX
CICSIIII
IIIIICCS
IIICICIZ
CCIIXIII
IIIIIICX
CCISIIII
IIIICCSI
IIIIIIIS
CICZIIII
IIIIICIZ
IIIIIICX
CCSIIIII
IIICICSI
IIIIIIIS
CCZIIIII
IIICCZII
IIIIIIIZ
IIIICIIX
CIICHIII
IIIIICIH
CIICZIII
IIIIICIZ
IIIIIIIX
ICCHIIII
IIIICCIH
CCIZIIII
IIIICCIZ
IIIICICX
ICICSIII
IIIIICCS
CCZIIIII
IIICICIZ
IIIIIICX
CICSIIII
IIIIICCS
CCZIIIII
IIIIICIZ
CIIIICXI
IIIIIIIX
ICCIIISI
IIIIIIIS
CICZIIII
IIIIICIZ
IIIIIICX
IIICICSI
IIIIIIIS
CICZIIII
IIIIICIZ
IIIICICX
CICSIIII
IIIICCSI
IIIIIIIS
IIICICIZ
IIIIIICX
ICICISII
IIIIIICS
ICICIIIZ
IIIIICIX
ICCHIIII
IIIICCIH
ICCZIIII
IIIICCIZ
IIIIIIIX
ICIICHII
IIIIIIIH
ICIIICIZ
IIIICICX
ICICISII
IIIIIICS
ICICIZII
IIIIIIIZ
IIIIIICX
ICCIISII
IIIIIICS
IICCIZII
IIIIIIIZ
CIIIICXI
IIIIIIIX
CICSIIII
IIIIIICS
ICCIIZII
IIIIIIIZ
IIIIIICX
ICCIISII
IIIIIICS
ICCIZIII
IIIIICIZ
IIIICIIX
ICIICHII
IIIIIIIH
ICIICZII
IIIIIIIZ
IIIIIIIX
CICHIIII
IIIIICIH
IIICICIZ
IIIICICX
CCIISIII
IIIIICCS
ICCIIZII
IIIIIIIZ
IIIIIICX
CCSIIIII
IIIICCSI
IIIIIIIS
CICZIIII
IIIICCIZ
CIIIICIX
ICCIIIIH
CICZIIII
IIIIICIZ
IIIIIIIX
CCHIIIII
IIICICIH
CICIIZII
IIIIIIIZ
CIIIICXI
IIIIIIIX
IICCSIII
IIIIIICS
CCZIIIII
IIIICCIZ
IIIIIICX
CICISIII
IIIIICCS
IIIICCIZ
IIIICIIX
ICICHIII
IIIIICIH
CCZIIIII
IIICICIZ
IIIIIIIX
IIIICCIH
CICIZIII
IIIIICIZ
IIIICICX
IIIIICCS
CICIZIII
IIIIICIZ
IIIIIICX
CCIISIII
IIIIICCS
CIICZIII
IIIIICIZ
CIIIICIX
CCIHIIII
IIIICIIH
IIIICCIZ
IIIIIIIX
ICIICHII
IIIIIIIH
IIICCZII
IIIIIIIZ
CIIIICXI
IIIIIIIX
IIICCISI
IIIIIIIS
CCIIZIII
IIIIICIZ
IIIIIICX
ICIICSII
IIIIIICS
CCZIIIII
IIIICCIZ
IIIICIIX
CCHIIIII
IIIIICIH
ICIICZII
IIIIIIIZ
IIIIIIIX
CCIIHIII
IIIIICIH
ICCIZIII
IIIIICIZ
IIIICICX
CCSIIIII
IIIIICCS
ICIICZII
IIIIIIIZ
IIIIIICX
IIIICCSI
IIIIIIIS
ICICZIII
IIIIICIZ
CIIIICIX
IIICCIIH
CCIIZIII
IIIIICIZ
IIIIIIIX
CICIHIII
IIIIICIH
CCZIIIII
IIICCZII
IIIIIIIZ
CIIIICXI
IIIIIIIX
CCISIIII
IIIICICS
IIIICCIZ
IIIIIICX
ICCSIIII
IIIIICCS
CCIZIIII
IIIIICIZ
IIIICIIX
IIIIICIH
CICIZIII
IIIIICIZ
IIIIIIIX
CCHIIIII
IIIICCIH
ICIICZII
IIIIIIIZ
IIIICICX
CCISIIII
IIIICCSI
IIIIIIIS
ICCZIIII
IIIIICIZ
IIIIIICX
CICSIIII
IIIIICCS
CCZIIIII
IIIIICIZ
CIIIICIX
IICCHIII
IIIIIIIH
CCZIIIII
IIIICCIZ
IIIIIIIX
CIICHIII
IIIIICIH
CCIIZIII
IIIIICIZ
CIIIICXI
IIIIIIIX
ICCIIISI
IIIIIIIS
CICZIIII
IIIIICIZ
IIIIIICX
CCISIIII
IIIIICCS
ICCZIIII
IIIIICIZ
IIIICIIX
IICCIHII
IIIIIIIH
IICCZIII
IIIIICIZ
IIIICICX
ICCSIIII
IIIICCSI
IIIIIIIS
CCIZIIII
IIIIICIZ
IIIIIICX
ICIICSII
IIIIIICS
ICIIICIZ
IIIICIIX
ICCIIHII
IIIIIIIH
CCIIIZII
IIIIIIIZ
IIIICIIX
CCIIHIII
IIIIICIH
ICCIIZII
IIIIIIIZ
IIIIIIIX
ICCIIHII
IIIIIIIH
CCIIIZII
IIIIIIIZ
CCIIXIII
IIIIIIIX
IIIICCIH
ICCIIZII
IIIIIIIZ
IIIIIIIX
ICCIIHII
IIIIIIIH
CCIIIZII
IIIIIIIZ
IIIICIIX
CCIIHIII
IIIIICIH
ICCIIZII
IIIIIIIZ
IIIIIIIX
ICCIIHII
IIIIIIIH
ICCIZIII
IIIIICIZ
IIIICIIX
ICCIIHII
IIIIIIIH
ICCIIZII
IIIIIIIZ
IIIIIIIX
ICCIIHII
IIIIIIIH
ICCIZIII
IIIIIIIZ
IIIICCXI
IIIIIIIX
ICIICSII
IIIIIICS
ICIICZII
IIIIIIIZ
IIIIIICX
ICCIISII
IIIIIICS
IICCIZII
IIIIIIIZ
CIIIICXI
IIIIIIIX
CICSIIII
IIIIIICS
ICCIIZII
IIIIIIIZ
IIIIIICX
ICCIISII
IIIIIICS
ICCIZIII
IIIIICIZ
IIIICIIX
ICCIIHII
IIIIIIIH
ICCIIZII
IIIIIIIZ
IIIIIIIX
ICCIIHII
IIIIIIIH
CCIIIZII
IIIIIIIZ
IIIICICX
CCIISIII
IIIIICCS
ICCIIZII
IIIIIIIZ
IIIIIICX
IIICICSI
IIIIIIIS
IIIICCIZ
IIICCIIX
ICCIIHII
IIIIIIIH
ICCIIZII
IIIIIIIZ
IIIIIIIX
ICCIIHII
IIIIIIIH
ICCZIIII
IIIICCIZ
IIICCIXI
IIIIIIIX
IIICICSI
IIIIIIIS
IIICICIZ
IIIIIICX
CCISIIII
IIIIICCS
CCIIIZII
IIIIIIIZ
IIICIIIX
ICCIIHII
IIIIIIIH
ICCIIZII
IIIIIIIZ
IIIIIIIX
CICHIIII
IIIIICIH
CICIIZII
IIIIIIIZ
IIICIICX
CCISIIII
IIIIICCS
CCIZIIII
IIIIICIZ
IIIIIICX
IIIICCSI
IIIIIIIS
IIIIICIZ
IIIICIIX
CICHIIII
IIIIICIH
CICZIIII
IIIIICIZ
IIIIIIIX
ICCIIHII
IIIIIIIH
ICCIZIII
IIIIICIZ
IIIICICX
IIIICCSI
IIIIIIIS
IIIICCIZ
IIIIIICX
CICSIIII
IIIIICCS
CICZIIII
IIIICCIZ
IIIICIIX
ICCIIHII
IIIIIIIH
ICCIIZII
IIIIIIIZ
IIIIIIIX
CCHIIIII
IIIICCIH
CCZIIIII
IIIIICIZ
IIIICICX
CICSIIII
IIIIICCS
CICZIIII
IIIIICIZ
IIIIIICX
CCISIIII
IIIIICCS
CICZIIII
IIIIICIZ
IICCXIII
IIIIIIIX
CICHIIII
IIIIICIH
ICCZIIII
IIIICCIZ
CCXIIIII
IIICICIX
IIIICIIH
IIIICCIZ
IICCXIII
IIIIIIIX
IICCIHII
IIIIIIIH
CCZIIIII
IIICCZII
IIIIIIIZ
CCXIIIII
IIICICIX
ICIICIIH
IICICIIZ
IIIIICCX
CCISIIII
IIIIICCS
CCIZIIII
IIIIICIZ
IIIIIICX
ICIICSII
IIIIIICS
IICICZII
IIIIIIIZ
IICCXIII
IIIIIIIX
ICCHIIII
IIIIICIH
CICZIIII
IIIICCIZ
CCXIIIII
IIICICIX
IICICIIH
IICICZII
IIIIIIIZ
IICCXIII
IIIIIIIX
IIICICIH
CCIZIIII
IIIICCIZ
CCXIIIII
IIICICIX
ICCIHIII
IIIIIIIH
IIIICIIZ
IIIIICCX
ICIICSII
IIIIIICS
ICIICZII
IIIIIIIZ
IIIIIICX
IIIICCSI
IIIIIIIS
CICIZIII
IIIIICIZ
IIIICICX
CICIISII
IIIIIICS
IIIICCIZ
IIIIIICX
CCSIIIII
IIICICSI
IIIIIIIS
CIICIZII
IIIIIIIZ
IICCXIII
IIIIIIIX
ICICIHII
IIIIIIIH
CICIZIII
IIIIICIZ
CCIIXIII
IIIIIICX
CIICSIII
IIIIICCS
CCZIIIII
IIICICIZ
IIIIIICX
CICSIIII
IIIIICCS
IICIICIZ
CCXIIIII
IIICICIX
CIICIIIH
ICICIZII
IIIIIIIZ
IIIICICX
IIICCSII
IIIIIICS
CICZIIII
IIIIICIZ
IIIIIICX
CCSIIIII
IIIICCSI
IIIIIIIS
CIIICZII
IIIIIIIZ
IICCXIII
IIIIIIIX
CICIHIII
IIIIICIH
ICCIIZII
IIIIIIIZ
CCXIIIII
IIICICIX
CCIHIIII
IIIIIIIH
CCIZIIII
IIIIICIZ
IICCXIII
IIIIIIIX
CCHIIIII
IIIICCIH
IICIICIZ
CCXIIIII
IIICICIX
CICHIIII
IIIIIIIH
CCIZIIII
IIIIIIIZ
IIIIICCX
CCSIIIII
IIIICCSI
IIIIIIIS
CCZIIIII
IIIICCIZ
IIIIIICX
ICIICSII
IIIIIICS
IICICZII
IIIIIIIZ
IICCXIII
IIIIIIIX
CIIICHII
IIIIIIIH
ICIIICIZ
CCXIIIII
IIICICIX
ICCIHIII
IIIIIIIH
IIIIICIZ
IIIICICX
ICIICSII
IIIIIICS
ICIICZII
IIIIIIIZ
IIIIIICX
IIIICCSI
IIIIIIIS
CICIZIII
IIIIICIZ
IIIICICX
CICIISII
IIIIIICS
IIIICCIZ
IIIIIICX
CCSIIIII
IIICICSI
IIIIIIIS
CIICIZII
IIIIIIIZ
IICCXIII
IIIIIIIX
ICICIHII
IIIIIIIH
CICIZIII
IIIIICIZ
CCIIXIII
IIIIIICX
CIICSIII
IIIIICCS
CCZIIIII
IIICICIZ
IIIIIICX
CICSIIII
IIIIICCS
IICIICIZ
CCXIIIII
IIICICIX
CIICIIIH
ICICIZII
IIIIIIIZ
IIIICICX
IIICCSII
IIIIIICS
CICZIIII
IIIIICIZ
IIIIIICX
CCSIIIII
IIIICCSI
IIIIIIIS
CIIICZII
IIIIIIIZ
IICCXIII
IIIIIIIX
CICIHIII
IIIIICIH
ICCIIZII
IIIIIIIZ
CCXIIIII
IIICICIX
CCIHIIII
IIIIIIIH
CCIZIIII
IIIIICIZ
IICCXIII
IIIIIIIX
CCHIIIII
IIIICCIH
IICIICIZ
CCXIIIII
IIICICIX
CICHIIII
IIIIIIIH
CCIZIIII
IIIIIIIZ
IIIIICCX
CCSIIIII
IIIICCSI
IIIIIIIS
CCZIIIII
IIIICCIZ
IIIIIICX
ICIICSII
IIIIIICS
IICICZII
IIIIIIIZ
IICCXIII
IIIIIIIX
CIIICHII
IIIIIIIH
ICIIICIZ
CCXIIIII
IIICICIX
CCHIIIII
IIICIIIH
CIICZIII
IIIIICIZ
IIIICICX
ICIICSII
IIIIIICS
ICIICZII
IIIIIIIZ
IIIIIICX
IIIICCSI
IIIIIIIS
CICIZIII
IIIIICIZ
IIIICICX
CICIISII
IIIIIICS
IIIICCIZ
IIIIIICX
CCSIIIII
IIICICSI
IIIIIIIS
CCZIIIII
IIIIICIZ
IIICIIIX
CIICIHII
IIIIIIIH
IICCIZII
IIIIIIIZ
CCIIXIII
IIIIIICX
CIICSIII
IIIIICCS
CCZIIIII
IIICICIZ
IIIIIICX
IIIICCSI
IIIIIIIS
IIICCZII
IIIIIIIZ
IIICIIIX
ICCIIHII
IIIIIIIH
CCIIIZII
IIIIIIIZ
IIIICICX
CICIISII
IIIIIICS
IIIICCIZ
IIIIIICX
CICSIIII
IIIIICCS
CCIZIIII
IIIIICIZ
IICCXIII
IIIIIIIX
IICCHIII
IIIIICIH
CCZIIIII
IIICICIZ
CCXIIIII
IIICICIX
IIIIIIIH
CCIIIZII
IIIIIIIZ
IIIICIIX
CCIIHIII
IIIIICIH
ICCIIZII
IIIIIIIZ
IIIIIIIX
ICCIIHII
IIIIIIIH
CCIIIZII
IIIIIIIZ
CCIIXIII
IIIIIIIX
IIIICCIH
ICCIIZII
IIIIIIIZ
IIIIIIIX
ICCIIHII
IIIIIIIH
CCIIIZII
IIIIIIIZ
IIIICIIX
CCIIHIII
IIIIICIH
ICCIIZII
IIIIIIIZ
IIIIIIIX
ICCIIHII
IIIIIIIH
ICCIIIIZ
IIIIICCX
CICSIIII
IIIIICCS
CICZIIII
IIIIICIZ
IIIIIICX
ICCIISII
IIIIIICS
CCIIIZII
IIIIIIIZ
IIIICICX
CCIISIII
IIIIICCS
ICCIIZII
IIIIIIIZ
IIIIIICX
ICCIISII
IIIIIICS
ICCZIIII
IIIIICIZ
IIICIIIX
ICCIIHII
IIIIIIIH
CCIIIZII
IIIIIIIZ
CCIIXIII
IIIIIICX
IIIICCSI
IIIIIIIS
ICCIIZII
IIIIIIIZ
IIIIIICX
ICCIISII
IIIIIICS
ICCZIIII
IIIIICIZ
IIICIIIX
CCHIIIII
IIIICCIH
ICIICZII
IIIIIIIZ
IIIICICX
CCIISIII
IIIIICCS
ICCIIZII
IIIIIIIZ
IIIIIICX
CCISIIII
IIIIICCS
CICZIIII
IIIIICIZ
IICCXIII
IIIIIIIX
CICHIIII
IIIIICIH
ICCZIIII
IIIICCIZ
CCXIIIII
IIICICIX
IIIICIIH
IIIICCIZ
IICCXIII
IIIIIIIX
IICCIHII
IIIIIIIH
CCZIIIII
IIICCZII
IIIIIIIZ
CCXIIIII
IIICICIX
ICIICIIH
IICICIIZ
IIIIICCX
CCISIIII
IIIIICCS
CCIZIIII
IIIIICIZ
IIIIIICX
ICIICSII
IIIIIICS
IICICZII
IIIIIIIZ
IICCXIII
IIIIIIIX
ICCHIIII
IIIIICIH
CICZIIII
IIIICCIZ
CCXIIIII
IIICICIX
IICICIIH
IICICZII
IIIIIIIZ
IICCXIII
IIIIIIIX
IIICICIH
CCIZIIII
IIIICCIZ
CCXIIIII
IIICICIX
ICCIHIII
IIIIIIIH
IIIICIIZ
IIIIICCX
ICIICSII
IIIIIICS
ICIICZII
IIIIIIIZ
IIIIIICX
IIIICCSI
IIIIIIIS
CICIZIII
IIIIICIZ
IIIICICX
CICIISII
IIIIIICS
IIIICCIZ
IIIIIICX
CCSIIIII
IIICICSI
IIIIIIIS
CIICIZII
IIIIIIIZ
IICCXIII
IIIIIIIX
ICICIHII
IIIIIIIH
CICIZIII
IIIIICIZ
CCIIXIII
IIIIIICX
CIICSIII
IIIIICCS
CCZIIIII
IIICICIZ
IIIIIICX
CICSIIII
IIIIICCS
IICIICIZ
CCXIIIII
IIICICIX
CIICIIIH
ICICIZII
IIIIIIIZ
IIIICICX
IIICCSII
IIIIIICS
CICZIIII
IIIIICIZ
IIIIIICX
CCSIIIII
IIIICCSI
IIIIIIIS
CIIICZII
IIIIIIIZ
IICCXIII
IIIIIIIX
CICIHIII
IIIIICIH
ICCIIZII
IIIIIIIZ
CCXIIIII
IIICICIX
CCIHIIII
IIIIIIIH
CCIZIIII
IIIIICIZ
IICCXIII
IIIIIIIX
CCHIIIII
IIIICCIH
IICIICIZ
CCXIIIII
IIICICIX
CICHIIII
IIIIIIIH
CCIZIIII
IIIIIIIZ
IIIIICCX
CCSIIIII
IIIICCSI
IIIIIIIS
CCZIIIII
IIIICCIZ
IIIIIICX
ICIICSII
IIIIIICS
IICICZII
IIIIIIIZ
IICCXIII
IIIIIIIX
CIIICHII
IIIIIIIH
ICIIICIZ
CCXIIIII
IIICICIX
ICCIHIII
IIIIIIIH
IIIIICIZ
IIIICICX
ICIICSII
IIIIIICS
ICIICZII
IIIIIIIZ
IIIIIICX
IIIICCSI
IIIIIIIS
CICIZIII
IIIIICIZ
IIIICICX
CICIISII
IIIIIICS
IIIICCIZ
IIIIIICX
CCSIIIII
IIICICSI
IIIIIIIS
CIICIZII
IIIIIIIZ
IICCXIII
IIIIIIIX
ICICIHII
IIIIIIIH
CICIZIII
IIIIICIZ
CCIIXIII
IIIIIICX
CIICSIII
IIIIICCS
CCZIIIII
IIICICIZ
IIIIIICX
CICSIIII
IIIIICCS
IICIICIZ
CCXIIIII
IIICICIX
CIICIIIH
ICICIZII
IIIIIIIZ
IIIICICX
IIICCSII
IIIIIICS
CICZIIII
IIIIICIZ
IIIIIICX
CCSIIIII
IIIICCSI
IIIIIIIS
CIIICZII
IIIIIIIZ
IICCXIII
IIIIIIIX
CICIHIII
IIIIICIH
ICCIIZII
IIIIIIIZ
CCXIIIII
IIICICIX
CCIHIIII
IIIIIIIH
CCIZIIII
IIIIICIZ
IICCXIII
IIIIIIIX
CCHIIIII
IIIICCIH
IICIICIZ
CCXIIIII
IIICICIX
CICHIIII
IIIIIIIH
CCIZIIII
IIIIIIIZ
IIIIICCX
CCSIIIII
IIIICCSI
IIIIIIIS
CCZIIIII
IIIICCIZ
IIIIIICX
ICIICSII
IIIIIICS
IICICZII
IIIIIIIZ
IICCXIII
IIIIIIIX
CIIICHII
IIIIIIIH
ICIIICIZ
CCXIIIII
IIICICIX
CCHIIIII
IIICIIIH
CIICZIII
IIIIICIZ
IIIICICX
ICIICSII
IIIIIICS
ICIICZII
IIIIIIIZ
IIIIIICX
IIIICCSI
IIIIIIIS
CICIZIII
IIIIICIZ
IIIICICX
CICIISII
IIIIIICS
IIIICCIZ
IIIIIICX
CCSIIIII
IIICICSI
IIIIIIIS
CCZIIIII
IIIIICIZ
IIICIIIX
CIICIHII
IIIIIIIH
IICCIZII
IIIIIIIZ
CCIIXIII
IIIIIICX
CIICSIII
IIIIICCS
CCZIIIII
IIICICIZ
IIIIIICX
IIIICCSI
IIIIIIIS
IIICCZII
IIIIIIIZ
IIICIIIX
ICCIIHII
IIIIIIIH
CCIIIZII
IIIIIIIZ
IIIICICX
CICIISII
IIIIIICS
IIIICCIZ
IIIIIICX
CICSIIII
IIIIICCS
CCIZIIII
IIIIICIZ
IICCXIII
IIIIIIIX
IICCHIII
IIIIICIH
CCZIIIII
IIICICIZ
CCXIIIII
IIICICIX
IIIIIIIH
CCIIIZII
IIIIIIIZ
IIIICIIX
CCIIHIII
IIIIICIH
ICCIIZII
IIIIIIIZ
IIIIIIIX
ICCIIHII
IIIIIIIH
CCIIIZII
IIIIIIIZ
CCIIXIII
IIIIIIIX
IIIICCIH
ICCIIZII
IIIIIIIZ
IIIIIIIX
ICCIIHII
IIIIIIIH
CCIIIZII
IIIIIIIZ
IIIICIIX
CCIIHIII
IIIIICIH
ICCIIZII
IIIIIIIZ
IIIIIIIX
ICCIIHII
IIIIIIIH
ICCIIIIZ
IIIIICCX
CICSIIII
IIIIICCS
CICZIIII
IIIIICIZ
IIIIIICX
ICCIISII
IIIIIICS
ICCZIIII
IIIIICIZ
IIICIIIX
ICCIIHII
IIIIIIIH
ICCZIIII
IIIIICIZ
IIICIIIX
ICCIIHII
IIIIIIIH
ICCIZIII
IIIIICIZ
IIIICICX
ICCIISII
IIIIIICS
ICCIIZII
IIIIIIIZ
IIIIIICX
IIICICSI
IIIIIIIS
IIIICCIZ
IIICCIIX
ICCIIHII
IIIIIIIH
ICCIIZII
IIIIIIIZ
IIIIIIIX
ICCIIHII
IIIIIIIH
ICCZIIII
IIIICCIZ
IIICCIXI
IIIIIIIX
IIICICSI
IIIIIIIS
IIICICIZ
IIIIIICX
CCISIIII
IIIIICCS
CCIIIZII
IIIIIIIZ
IIICIIIX
ICCIIHII
IIIIIIIH
ICCIIZII
IIIIIIIZ
IIIIIIIX
CICHIIII
IIIIICIH
CICIIZII
IIIIIIIZ
IIICIICX
CCISIIII
IIIIICCS
CCIZIIII
IIIIICIZ
IIIIIICX
IIIICCSI
IIIIIIIS
IIIIICIZ
IIIICIIX
CICHIIII
IIIIICIH
CICZIIII
IIIIICIZ
IIIIIIIX
ICCIIHII
IIIIIIIH
ICCIZIII
IIIIICIZ
IIIICICX
IIIICCSI
IIIIIIIS
IIIICCIZ
IIIIIICX
CICSIIII
IIIIICCS
CICZIIII
IIIICCIZ
IIIICIIX
ICCIIHII
IIIIIIIH
ICCIIZII
IIIIIIIZ
IIIIIIIX
CCIHIIII
IIIIICIH
CCIZIIII
IIIICCIZ
IIIICICX
CICSIIII
IIIIICCS
CICZIIII
IIIIICIZ
IIIIIICX
CCISIIII
IIIIICCS
CCIZIIII
IIIICCIZ
IIIICICX
CCISIIII
IIIIICCS
CCIZIIII
IIIIICIZ
IIIIIICX
CCISIIII
IIIIICCS
CCIZIIII
IIIICCIZ
IIIICICX
CCISIIII
IIIIICCS
CCIZIIII
IIIIICIZ
IIIIIICX
CCISIIII
IIIIICCS
CCIZIIII
IIIICCIZ
IIIICICX
CCISIIII
IIIIICCS
CCIZIIII
IIIIICIZ
IIIIIICX
CCSIIIII
IIIIICCS
CCIZIIII
IIIIICIZ
IICCIIXI
IIIIIIIX
CCSIIIII
IIIIICCS
CCZIIIII
IIIIICIZ
IIIIIICX
ICCSIIII
IIIIICCS
ICICIZII
IIIIIIIZ
IICIIICX
ICCSIIII
IIIIICCS
ICCZIIII
IIIIICIZ
IIIIIICX
CCISIIII
IIIIICCS
CCIZIIII
IIIICCIZ
IIIICICX
CCISIIII
IIIIICCS
CCIZIIII
IIIIICIZ
IIIIIICX
CCSIIIII
IIIIICCS
CCIZIIII
IIIIICIZ
IICCIIXI
IIIIIIIX
CCSIIIII
IIIIICCS
CCZIIIII
IIIIICIZ
IIIIIICX
ICCSIIII
IIIIICCS
ICICIZII
IIIIIIIZ
IICIIICX
ICCSIIII
IIIIICCS
ICCZIIII
IIIIICIZ
IIIIIICX
CCISIIII
IIIIICCS
CCIZIIII
IIIIICIZ
IIIIIIIX
CCIHIIII
IIIIICIH
CCIZIIII
IIIIICIZ
IIIIIIIX
ICIICHII
IIIIIIIH
ICIICIIZ
IIIIICCX
CCISIIII
IIIIICCS
CCIZIIII
IIIIICIZ
IIIIIICX
CCSIIIII
IIICCISI
IIIIIIIS
CCZIIIII
IIICIIIZ
IIIICIIX
ICIICHII
IIIIIIIH
ICIICZII
IIIIIIIZ
IIIIIIIX
ICIICHII
IIIIIIIH
ICIIICIZ
IIIICIIX
ICIICHII
IIIIIIIH
ICIICZII
IIIIIIIZ
IIIIIIIX
ICIICHII
IIIIIIIH
ICIIICIZ
IIIICIIX
ICIICHII
IIIIIIIH
ICIICZII
IIIIIIIZ
IIIIIIIX
CCIIHIII
IIIIICIH
CCZIIIII
IIICCZII
IIIIIIIZ
IICCIIIX
CCIIHIII
IIIIICIH
CCIIZIII
IIIIICIZ
IIIIIIIX
ICCHIIII
IIIIICIH
ICICIZII
IIIIIIIZ
IICIIIIX
ICCHIIII
IIIIICIH
ICCZIIII
IIIIICIZ
IIIIIIIX
ICICIHII
IIIIIIIH
ICICIZII
IIIIIICZ
IIIIIIIX
CCSIIIII
IIICCISI
IIIIIIIS
CCZIIIII
IIICCIIZ
IIIIIICX
CCSIIIII
IIIIICCS
CCZIIIII
IIIICCIZ
IIIICIIX
ICICIHII
IIIIIIIH
ICICIZII
IIIIIIIZ
IIIIIIIX
ICCIIHII
IIIIIIIH
ICCIZIII
IIIIICIZ
IIIICICX
CCSIIIII
IIIIICCS
CCZIIIII
IIIIICIZ
IIIIIICX
ICIIICSI
IIIIIIIS
ICCZIIII
IIIIICIZ
IICCIIIX
ICCIIHII
IIIIIIIH
ICCIIZII
IIIIIIIZ
IIIIIIIX
ICCHIIII
IIIIICIH
ICIIICIZ
IICCIIXI
IIIIIIIX
ICIIICSI
IIIIIIIS
ICIIICIZ
IIIIIICX
ICCSIIII
IIIICICS
ICICZIII
IIIIIIIZ
IICIIIIX
ICCHIIII
IIIIICIH
ICCZIIII
IIIIICIZ
IIIIIIIX
CCIHIIII
IIIIICIH
CCZIIIII
IIICICIZ
IICIIICX
ICCSIIII
IIIICICS
ICCZIIII
IIIICIIZ
IIIIIICX
CCSIIIII
IIICCISI
IIIIIIIS
CCZIIIII
IIICCIZI
IIIIIIIZ
IIIIIICX
CCIHIIII
IIIIICIH
CCIZIIII
IIIIICCZ
IIIIIIIX
CCSIIIII
IIICCISI
IIIIIIIS
00000000