CCZ [2, 4, 6]
H [0]
H [1]
H [3]
H [5]
CCY [1, 3, 4]
Y [5]
CZ [6, 6]
H [1]
H [3]
H [5]
CCY [1, 3, 4]
Y [5]
CZ [6, 6]
H [0]
H [1]
H [3]
H [5]
CCY [1, 3, 4]
Y [5]
CCZ [6, 0, 2]
CZ [3, 6]
CCX [0, 3, 4]
X [7]
H [1]
H [2]
H [5]
CCY [0, 3, 4]
Y [5]
X [7]
H [1]
H [3]
H [4]
CCY [1, 2, 4]
Y [5]
CX [0, 7]
H [1]
H [2]
H [5]
CCY [0, 3, 4]
Y [5]
X [7]
H [1]
H [3]
H [4]
CCY [1, 2, 4]
Y [5]
CCZ [6, 0, 3]
CCZ [4, 5, 6]
CCX [1, 2, 3]
X [7]
H [1]
H [2]
H [5]
CCY [0, 3, 4]
Y [5]
X [7]
H [1]
H [3]
H [4]
CCY [1, 2, 4]
Y [5]
CX [1, 7]
H [1]
H [2]
H [5]
CCY [0, 3, 4]
Y [5]
X [7]
H [1]
H [3]
H [4]
CCY [1, 2, 4]
Y [5]
CCZ [6, 1, 2]
CCZ [3, 4, 5]
Z [6]
CCX [1, 2, 7]
H [0]
H [1]
H [3]
H [5]
CCY [1, 3, 4]
Y [5]
CCZ [6, 0, 1]
Z [6]
H [0]
H [1]
H [3]
H [4]
H [5]
CCY [1, 2, 3]
CY [4, 5]
X [7]
H [0]
H [1]
H [2]
H [3]
H [5]
CCY [0, 1, 3]
CY [4, 5]
CCZ [6, 1, 2]
Z [6]
H [0]
H [1]
H [3]
H [5]
CCY [1, 3, 4]
Y [5]
CCZ [6, 1, 2]
CCZ [3, 4, 5]
Z [6]
CCX [0, 1, 7]
H [1]
H [2]
H [5]
CCY [0, 3, 4]
Y [5]
X [7]
H [1]
H [3]
H [4]
CCY [1, 2, 4]
Y [5]
CCX [1, 2, 3]
CX [4, 7]
H [1]
H [2]
H [5]
CCY [0, 3, 4]
Y [5]
X [7]
H [1]
H [3]
H [4]
CCY [1, 2, 4]
Y [5]
CCZ [6, 0, 2]
Z [6]
CX [1, 7]
H [1]
H [2]
H [5]
CCY [0, 3, 4]
Y [5]
X [7]
H [1]
H [3]
H [4]
CCY [1, 2, 4]
Y [5]
CCZ [6, 1, 2]
CCZ [3, 4, 5]
Z [6]
CCX [0, 1, 2]
CCX [3, 4, 7]
H [0]
H [1]
H [3]
H [5]
CCY [1, 3, 4]
Y [5]
CCZ [6, 0, 1]
Z [6]
H [0]
H [1]
H [3]
H [4]
H [5]
CCY [1, 2, 3]
CY [4, 5]
X [7]
H [0]
H [1]
H [2]
H [3]
H [5]
CCY [0, 1, 3]
CY [4, 5]
CCZ [6, 1, 2]
Z [6]
H [0]
H [1]
H [3]
H [5]
CCY [1, 3, 4]
Y [5]
CCZ [6, 1, 2]
CCZ [3, 4, 5]
Z [6]
CCX [0, 1, 7]
H [1]
H [2]
H [5]
CCY [0, 3, 4]
Y [5]
X [7]
H [1]
H [3]
H [4]
CCY [1, 2, 4]
Y [5]
CCX [1, 2, 3]
CX [4, 7]
H [1]
H [2]
H [5]
CCY [0, 3, 4]
Y [5]
X [7]
H [1]
H [3]
H [4]
CCY [1, 2, 4]
Y [5]
CCZ [6, 0, 2]
Z [6]
CX [1, 7]
H [1]
H [2]
H [5]
CCY [0, 3, 4]
Y [5]
X [7]
H [1]
H [3]
H [4]
CCY [1, 2, 4]
Y [5]
CCZ [6, 1, 2]
CCZ [3, 4, 5]
Z [6]
CCX [1, 3, 4]
X [7]
H [0]
H [1]
H [3]
H [5]
CCY [1, 3, 4]
Y [5]
CCZ [6, 0, 1]
Z [6]
H [0]
H [2]
H [4]
CCY [0, 2, 3]
CY [4, 5]
X [7]
H [0]
H [2]
H [4]
CCY [0, 2, 3]
CY [4, 5]
CCZ [6, 0, 1]
Z [6]
H [0]
H [1]
H [3]
H [5]
CCY [1, 3, 4]
Y [5]
CCZ [6, 0, 2]
Z [6]
CCX [0, 1, 7]
H [1]
H [2]
H [5]
CCY [0, 3, 4]
Y [5]
X [7]
H [1]
H [3]
H [4]
CCY [1, 2, 4]
Y [5]
X [7]
H [0]
H [1]
H [3]
H [5]
CCY [1, 3, 4]
Y [5]
CX [7, 7]
H [1]
H [3]
H [5]
CCY [1, 3, 4]
Y [5]
CX [7, 7]
H [0]
H [1]
H [3]
H [5]
CCY [1, 3, 4]
Y [5]
CCZ [6, 0, 1]
CCZ [2, 3, 6]
CX [7, 7]
H [0]
H [1]
H [3]
H [5]
CCY [1, 3, 4]
Y [5]
CZ [6, 6]
H [0]
H [2]
H [4]
CCY [0, 2, 3]
CY [4, 5]
X [7]
H [0]
H [2]
H [4]
CCY [0, 2, 3]
CY [4, 5]
CZ [6, 6]
H [0]
H [1]
H [3]
H [5]
CCY [1, 3, 4]
Y [5]
CCZ [6, 0, 2]
CZ [3, 6]
CCX [0, 2, 3]
X [7]
H [1]
H [2]
H [5]
CCY [0, 3, 4]
Y [5]
X [7]
H [1]
H [3]
H [4]
CCY [1, 2, 4]
Y [5]
CX [0, 7]
H [1]
H [2]
H [5]
CCY [0, 3, 4]
Y [5]
X [7]
H [1]
H [3]
H [4]
CCY [1, 2, 4]
Y [5]
CCZ [6, 0, 3]
CCZ [4, 5, 6]
CCX [1, 2, 3]
X [7]
H [1]
H [2]
H [5]
CCY [0, 3, 4]
Y [5]
X [7]
H [1]
H [3]
H [4]
CCY [1, 2, 4]
Y [5]
CX [1, 7]
H [1]
H [2]
H [5]
CCY [0, 3, 4]
Y [5]
X [7]
H [1]
H [3]
H [4]
CCY [1, 2, 4]
Y [5]
CCZ [6, 1, 2]
CCZ [3, 4, 5]
Z [6]
CCX [1, 2, 7]
H [0]
H [1]
H [3]
H [5]
CCY [1, 3, 4]
Y [5]
CCZ [6, 0, 1]
Z [6]
H [0]
H [1]
H [3]
H [4]
H [5]
CCY [1, 2, 3]
CY [4, 5]
X [7]
H [0]
H [1]
H [2]
H [3]
H [5]
CCY [0, 1, 3]
CY [4, 5]
CCZ [6, 1, 2]
Z [6]
H [0]
H [1]
H [3]
H [5]
CCY [1, 3, 4]
Y [5]
CCZ [6, 1, 2]
CCZ [3, 4, 5]
Z [6]
CCX [0, 1, 7]
H [1]
H [2]
H [5]
CCY [0, 3, 4]
Y [5]
X [7]
H [1]
H [3]
H [4]
CCY [1, 2, 4]
Y [5]
CCX [1, 2, 3]
CX [4, 7]
H [1]
H [2]
H [5]
CCY [0, 3, 4]
Y [5]
X [7]
H [1]
H [3]
H [4]
CCY [1, 2, 4]
Y [5]
CCZ [6, 0, 2]
Z [6]
CX [1, 7]
H [1]
H [2]
H [5]
CCY [0, 3, 4]
Y [5]
X [7]
H [1]
H [3]
H [4]
CCY [1, 2, 4]
Y [5]
CCZ [6, 1, 2]
CCZ [3, 4, 5]
Z [6]
CCX [0, 1, 2]
CCX [3, 4, 7]
H [0]
H [1]
H [3]
H [5]
CCY [1, 3, 4]
Y [5]
CCZ [6, 0, 1]
Z [6]
H [0]
H [1]
H [3]
H [4]
H [5]
CCY [1, 2, 3]
CY [4, 5]
X [7]
H [0]
H [1]
H [2]
H [3]
H [5]
CCY [0, 1, 3]
CY [4, 5]
CCZ [6, 1, 2]
Z [6]
H [0]
H [1]
H [3]
H [5]
CCY [1, 3, 4]
Y [5]
CCZ [6, 1, 2]
CCZ [3, 4, 5]
Z [6]
CCX [0, 1, 7]
H [1]
H [2]
H [5]
CCY [0, 3, 4]
Y [5]
X [7]
H [1]
H [3]
H [4]
CCY [1, 2, 4]
Y [5]
CCX [1, 2, 3]
CX [4, 7]
H [1]
H [2]
H [5]
CCY [0, 3, 4]
Y [5]
X [7]
H [1]
H [3]
H [4]
CCY [1, 2, 4]
Y [5]
CCZ [6, 0, 2]
Z [6]
CX [1, 7]
H [1]
H [2]
H [5]
CCY [0, 3, 4]
Y [5]
X [7]
H [1]
H [3]
H [4]
CCY [1, 2, 4]
Y [5]
CCZ [6, 1, 2]
CCZ [3, 4, 5]
Z [6]
CCX [1, 3, 4]
X [7]
H [0]
H [1]
H [3]
H [5]
CCY [1, 3, 4]
Y [5]
CCZ [6, 0, 1]
Z [6]
H [0]
H [2]
H [4]
CCY [0, 2, 3]
CY [4, 5]
X [7]
H [0]
H [2]
H [4]
CCY [0, 2, 3]
CY [4, 5]
CCZ [6, 0, 1]
Z [6]
H [0]
H [1]
H [3]
H [5]
CCY [1, 3, 4]
Y [5]
CCZ [6, 0, 2]
Z [6]
CCX [0, 1, 7]
H [1]
H [2]
H [5]
CCY [0, 3, 4]
Y [5]
X [7]
H [1]
H [3]
H [4]
CCY [1, 2, 4]
Y [5]
X [7]
H [0]
H [1]
H [3]
H [5]
CCY [1, 3, 4]
Y [5]
CX [7, 7]
H [1]
H [3]
H [5]
CCY [1, 3, 4]
Y [5]
CX [7, 7]
H [0]
H [1]
H [3]
H [5]
CCY [1, 3, 4]
Y [5]
CCZ [6, 0, 1]
CCZ [2, 3, 6]
CX [7, 7]
CCY [3, 4, 5]
X [7]
CCY [3, 4, 5]
CCZ [6, 1, 6]
CY [4, 5]
CCX [2, 3, 4]
X [7]
CCY [3, 4, 5]
CZ [6, 6]
CCY [3, 4, 5]
CCZ [6, 3, 6]
CCY [3, 4, 5]
CCZ [6, 0, 1]
Z [6]
CCY [3, 4, 5]
CCZ [6, 1, 2]
Z [6]
CX [7, 7]
CCY [3, 4, 5]
CCZ [6, 1, 6]
CCY [3, 4, 5]
CZ [6, 6]
CX [7, 7]
H [0]
H [1]
H [3]
H [5]
CCY [1, 3, 4]
Y [5]
CCZ [6, 1, 6]
H [0]
H [1]
H [3]
H [4]
H [5]
CCY [1, 2, 3]
CY [4, 5]
X [7]
H [0]
H [1]
H [2]
H [3]
H [5]
CCY [0, 1, 3]
CY [4, 5]
CCZ [6, 1, 2]
Z [6]
H [0]
H [1]
H [3]
H [5]
CCY [1, 3, 4]
Y [5]
CCZ [6, 1, 2]
Z [6]
X [7]
H [0]
H [2]
H [4]
CCY [0, 2, 4]
Y [5]
CCZ [6, 0, 2]
CZ [3, 6]
H [0]
H [1]
H [3]
H [5]
CCY [1, 3, 4]
Y [5]
CCZ [6, 1, 2]
CZ [3, 6]
CY [4, 5]
CCZ [6, 2, 3]
Z [6]
CX [7, 7]
H [0]
H [2]
H [4]
CCY [0, 2, 4]
Y [5]
CZ [6, 6]
H [0]
H [1]
H [3]
H [5]
CCY [1, 3, 4]
Y [5]
CCZ [6, 1, 6]
CX [7, 7]
H [1]
H [2]
H [5]
CCY [0, 3, 4]
Y [5]
X [7]
H [1]
H [3]
H [4]
CCY [1, 2, 4]
Y [5]
X [7]
CCY [3, 4, 5]
CZ [6, 6]
CCY [3, 4, 5]
CCZ [6, 3, 6]
CCY [3, 4, 5]
CCZ [6, 0, 1]
Z [6]
CCY [3, 4, 5]
CCZ [6, 1, 2]
Z [6]
CX [7, 7]
CCY [3, 4, 5]
CCZ [6, 1, 6]
CCY [3, 4, 5]
CCZ [6, 0, 3]
CCZ [4, 5, 6]
CCX [7, 2, 3]
X [7]
CCY [3, 4, 5]
X [7]
CCY [3, 4, 5]
CCZ [6, 0, 1]
CCZ [3, 4, 5]
Z [6]
CCX [2, 3, 7]
Y [5]
Z [6]
CX [7, 7]
CY [4, 5]
CCZ [0, 2, 6]
CCX [7, 1, 7]
CY [3, 5]
CX [7, 7]
CCY [3, 4, 5]
CCZ [6, 0, 2]
Z [6]
CCX [7, 3, 4]
X [7]
CCY [3, 4, 5]
CCX [7, 0, 1]
X [7]
CCY [3, 4, 5]
CCX [7, 1, 2]
CCX [3, 4, 7]
CCY [3, 4, 5]
CCX [7, 1, 7]
CCY [3, 4, 5]
CZ [6, 6]
CX [7, 7]
H [0]
H [1]
H [3]
H [5]
CCY [1, 3, 4]
Y [5]
CCX [7, 1, 7]
H [1]
H [3]
H [5]
CCY [1, 3, 4]
Y [5]
CCX [7, 1, 2]
CCX [3, 4, 7]
H [0]
H [1]
H [3]
H [5]
CCY [1, 3, 4]
Y [5]
CCZ [6, 0, 1]
CCZ [3, 4, 5]
Z [6]
CCX [7, 1, 2]
CCX [3, 4, 7]
H [0]
H [2]
H [4]
CCY [0, 2, 4]
Y [5]
CCX [7, 0, 2]
X [7]
H [0]
H [1]
H [3]
H [5]
CCY [1, 3, 4]
Y [5]
CCX [7, 1, 2]
X [7]
CY [4, 5]
CCZ [6, 2, 4]
CZ [5, 6]
CCX [7, 2, 7]
H [0]
H [2]
H [4]
CCY [0, 2, 4]
Y [5]
CX [7, 7]
H [0]
H [1]
H [3]
H [5]
CCY [1, 3, 4]
Y [5]
CCZ [6, 0, 1]
CCZ [3, 4, 6]
CCX [7, 0, 4]
X [7]
H [0]
H [2]
H [4]
CCY [0, 2, 4]
Y [5]
CCZ [6, 1, 2]
CCZ [3, 4, 6]
CCX [7, 1, 2]
CX [3, 7]
H [0]
H [1]
H [3]
H [5]
CCY [1, 3, 4]
Y [5]
CCZ [6, 0, 1]
Z [6]
CCX [7, 1, 7]
H [0]
H [2]
H [4]
CCY [0, 2, 4]
Y [5]
CCZ [6, 1, 2]
Z [6]
CCX [7, 0, 7]
H [0]
H [1]
H [3]
H [5]
CCY [1, 3, 4]
Y [5]
CCZ [6, 0, 6]
CCX [7, 1, 2]
X [7]
H [0]
H [2]
H [4]
CCY [0, 2, 4]
Y [5]
CCZ [6, 1, 6]
CCX [7, 1, 7]
H [0]
H [1]
H [3]
H [5]
CCY [1, 3, 4]
Y [5]
CCZ [6, 1, 2]
CZ [3, 6]
CCX [7, 0, 1]
CCX [2, 3, 4]
X [7]
H [0]
H [2]
H [4]
CCY [0, 2, 4]
Y [5]
CCZ [6, 1, 6]
CCX [7, 1, 7]
H [0]
H [1]
H [3]
H [5]
CCY [1, 3, 4]
Y [5]
Z [6]
CCX [7, 0, 3]
CX [4, 7]
CY [4, 5]
CCZ [0, 1, 4]
Z [6]
H [0]
H [1]
H [3]
H [5]
CCY [1, 3, 4]
Y [5]
CZ [6, 6]
H [1]
H [3]
H [5]
CCY [1, 3, 4]
Y [5]
CZ [6, 6]
H [0]
H [1]
H [3]
H [5]
CCY [1, 3, 4]
Y [5]
CZ [6, 6]
CY [4, 5]
CZ [6, 6]
CCX [7, 2, 3]
CX [4, 7]
H [0]
H [2]
H [4]
CCY [0, 2, 4]
Y [5]
CX [7, 7]
H [0]
H [1]
H [3]
H [5]
CCY [1, 3, 4]
Y [5]
CZ [6, 6]
CCX [7, 1, 7]
CY [3, 5]
CZ [6, 6]
CCX [7, 0, 1]
CX [2, 7]
CCY [3, 4, 5]
CCZ [6, 0, 1]
CZ [2, 6]
CCX [7, 0, 1]
CCX [2, 3, 4]
X [7]
CY [4, 5]
CCZ [6, 0, 1]
CZ [2, 6]
CCX [7, 0, 2]
CCX [3, 4, 7]
CY [4, 5]
CCZ [6, 0, 4]
Z [6]
CCX [7, 1, 7]
H [1]
H [2]
H [5]
CCY [0, 3, 4]
Y [5]
Z [6]
H [1]
H [3]
H [4]
CCY [1, 2, 4]
Y [5]
CZ [0, 6]
H [1]
H [2]
H [5]
CCY [0, 3, 4]
Y [5]
Z [6]
H [1]
H [3]
H [4]
CCY [1, 2, 4]
Y [5]
CCZ [1, 2, 3]
Z [6]
CCX [7, 0, 3]
CX [4, 7]
H [1]
H [2]
H [5]
CCY [0, 3, 4]
Y [5]
Z [6]
H [1]
H [3]
H [4]
CCY [1, 2, 4]
Y [5]
CZ [1, 6]
H [1]
H [2]
H [5]
CCY [0, 3, 4]
Y [5]
Z [6]
H [1]
H [3]
H [4]
CCY [1, 2, 4]
Y [5]
CCZ [1, 2, 6]
CCX [7, 1, 2]
X [7]
H [0]
H [1]
H [3]
H [5]
CCY [1, 3, 4]
Y [5]
CCX [7, 0, 1]
X [7]
H [0]
H [1]
H [3]
H [4]
H [5]
CCY [1, 2, 3]
CY [4, 5]
Z [6]
H [0]
H [1]
H [2]
H [3]
H [5]
CCY [0, 1, 3]
CY [4, 5]
CCX [7, 1, 2]
CCX [3, 4, 7]
H [0]
H [1]
H [3]
H [5]
CCY [1, 3, 4]
Y [5]
CCZ [0, 1, 6]
CCX [7, 1, 2]
CX [4, 7]
H [1]
H [2]
H [5]
CCY [0, 3, 4]
Y [5]
Z [6]
H [1]
H [3]
H [4]
CCY [1, 2, 4]
Y [5]
CCZ [1, 2, 3]
CZ [4, 6]
H [1]
H [2]
H [5]
CCY [0, 3, 4]
Y [5]
Z [6]
H [1]
H [3]
H [4]
CCY [1, 2, 4]
Y [5]
CZ [1, 6]
CCX [7, 0, 2]
CX [3, 7]
H [1]
H [2]
H [5]
CCY [0, 3, 4]
Y [5]
Z [6]
H [1]
H [3]
H [4]
CCY [1, 2, 4]
Y [5]
CCZ [0, 1, 2]
CCZ [3, 4, 6]
CCX [7, 1, 2]
X [7]
H [0]
H [1]
H [3]
H [5]
CCY [1, 3, 4]
Y [5]
CCX [7, 0, 1]
X [7]
H [0]
H [1]
H [3]
H [4]
H [5]
CCY [1, 2, 3]
CY [4, 5]
Z [6]
H [0]
H [1]
H [2]
H [3]
H [5]
CCY [0, 1, 3]
CY [4, 5]
CCX [7, 1, 2]
CCX [3, 4, 7]
H [0]
H [1]
H [3]
H [5]
CCY [1, 3, 4]
Y [5]
CCZ [0, 1, 6]
CCX [7, 1, 2]
CX [4, 7]
H [1]
H [2]
H [5]
CCY [0, 3, 4]
Y [5]
Z [6]
H [1]
H [3]
H [4]
CCY [1, 2, 4]
Y [5]
CCZ [1, 2, 3]
CZ [4, 6]
H [1]
H [2]
H [5]
CCY [0, 3, 4]
Y [5]
Z [6]
H [1]
H [3]
H [4]
CCY [1, 2, 4]
Y [5]
CZ [1, 6]
CCX [7, 0, 2]
CX [3, 7]
H [1]
H [2]
H [5]
CCY [0, 3, 4]
Y [5]
Z [6]
H [1]
H [3]
H [4]
CCY [1, 2, 4]
Y [5]
CCZ [1, 2, 6]
CCX [7, 1, 2]
X [7]
H [0]
H [1]
H [3]
H [5]
CCY [1, 3, 4]
Y [5]
CCX [7, 0, 1]
X [7]
H [0]
H [2]
H [4]
CCY [0, 2, 3]
CY [4, 5]
Z [6]
H [0]
H [2]
H [4]
CCY [0, 2, 3]
CY [4, 5]
CCX [7, 0, 1]
X [7]
H [0]
H [1]
H [3]
H [5]
CCY [1, 3, 4]
Y [5]
CCZ [0, 1, 6]
CCX [7, 0, 2]
CCX [3, 4, 7]
H [1]
H [2]
H [5]
CCY [0, 3, 4]
Y [5]
Z [6]
H [1]
H [3]
H [4]
CCY [1, 2, 4]
Y [5]
Z [6]
H [0]
H [1]
H [3]
H [5]
CCY [1, 3, 4]
Y [5]
CZ [6, 6]
H [1]
H [3]
H [5]
CCY [1, 3, 4]
Y [5]
CZ [6, 6]
H [0]
H [1]
H [3]
H [5]
CCY [1, 3, 4]
Y [5]
CZ [6, 6]
CCX [7, 0, 1]
CX [2, 7]
H [0]
H [1]
H [3]
H [5]
CCY [1, 3, 4]
Y [5]
CX [7, 7]
H [0]
H [2]
H [4]
CCY [0, 2, 3]
CY [4, 5]
Z [6]
H [0]
H [2]
H [4]
CCY [0, 2, 3]
CY [4, 5]
CX [7, 7]
H [0]
H [1]
H [3]
H [5]
CCY [1, 3, 4]
Y [5]
CCZ [0, 4, 6]
CCX [7, 0, 2]
X [7]
H [1]
H [2]
H [5]
CCY [0, 3, 4]
Y [5]
Z [6]
H [1]
H [3]
H [4]
CCY [1, 2, 4]
Y [5]
CZ [0, 6]
H [1]
H [2]
H [5]
CCY [0, 3, 4]
Y [5]
Z [6]
H [1]
H [3]
H [4]
CCY [1, 2, 4]
Y [5]
CCZ [1, 2, 3]
Z [6]
CCX [7, 0, 3]
CX [4, 7]
H [1]
H [2]
H [5]
CCY [0, 3, 4]
Y [5]
Z [6]
H [1]
H [3]
H [4]
CCY [1, 2, 4]
Y [5]
CZ [1, 6]
H [1]
H [2]
H [5]
CCY [0, 3, 4]
Y [5]
Z [6]
H [1]
H [3]
H [4]
CCY [1, 2, 4]
Y [5]
CCZ [1, 2, 6]
CCX [7, 1, 2]
X [7]
H [0]
H [1]
H [3]
H [5]
CCY [1, 3, 4]
Y [5]
CCX [7, 0, 1]
X [7]
H [0]
H [1]
H [3]
H [4]
H [5]
CCY [1, 2, 3]
CY [4, 5]
Z [6]
H [0]
H [1]
H [2]
H [3]
H [5]
CCY [0, 1, 3]
CY [4, 5]
CCX [7, 1, 2]
CCX [3, 4, 7]
H [0]
H [1]
H [3]
H [5]
CCY [1, 3, 4]
Y [5]
CCZ [0, 1, 6]
CCX [7, 1, 2]
CX [4, 7]
H [1]
H [2]
H [5]
CCY [0, 3, 4]
Y [5]
Z [6]
H [1]
H [3]
H [4]
CCY [1, 2, 4]
Y [5]
CCZ [1, 2, 3]
CZ [4, 6]
H [1]
H [2]
H [5]
CCY [0, 3, 4]
Y [5]
Z [6]
H [1]
H [3]
H [4]
CCY [1, 2, 4]
Y [5]
CZ [1, 6]
CCX [7, 0, 2]
CX [3, 7]
H [1]
H [2]
H [5]
CCY [0, 3, 4]
Y [5]
Z [6]
H [1]
H [3]
H [4]
CCY [1, 2, 4]
Y [5]
CCZ [0, 1, 2]
CCZ [3, 4, 6]
CCX [7, 1, 2]
X [7]
H [0]
H [1]
H [3]
H [5]
CCY [1, 3, 4]
Y [5]
CCX [7, 0, 1]
X [7]
H [0]
H [1]
H [3]
H [4]
H [5]
CCY [1, 2, 3]
CY [4, 5]
Z [6]
H [0]
H [1]
H [2]
H [3]
H [5]
CCY [0, 1, 3]
CY [4, 5]
CCX [7, 1, 2]
CCX [3, 4, 7]
H [0]
H [1]
H [3]
H [5]
CCY [1, 3, 4]
Y [5]
CCZ [0, 1, 6]
CCX [7, 1, 2]
CX [4, 7]
H [1]
H [2]
H [5]
CCY [0, 3, 4]
Y [5]
Z [6]
H [1]
H [3]
H [4]
CCY [1, 2, 4]
Y [5]
CCZ [1, 2, 3]
CZ [4, 6]
H [1]
H [2]
H [5]
CCY [0, 3, 4]
Y [5]
Z [6]
H [1]
H [3]
H [4]
CCY [1, 2, 4]
Y [5]
CZ [1, 6]
CCX [7, 0, 2]
CX [3, 7]
H [1]
H [2]
H [5]
CCY [0, 3, 4]
Y [5]
Z [6]
H [1]
H [3]
H [4]
CCY [1, 2, 4]
Y [5]
CCZ [1, 2, 6]
CCX [7, 1, 2]
X [7]
H [0]
H [1]
H [3]
H [5]
CCY [1, 3, 4]
Y [5]
CCX [7, 0, 1]
X [7]
H [0]
H [2]
H [4]
CCY [0, 2, 3]
CY [4, 5]
Z [6]
H [0]
H [2]
H [4]
CCY [0, 2, 3]
CY [4, 5]
CCX [7, 0, 1]
X [7]
H [0]
H [1]
H [3]
H [5]
CCY [1, 3, 4]
Y [5]
CCZ [0, 1, 6]
CCX [7, 0, 2]
CCX [3, 4, 7]
H [1]
H [2]
H [5]
CCY [0, 3, 4]
Y [5]
Z [6]
H [1]
H [3]
H [4]
CCY [1, 2, 4]
Y [5]
Z [6]
H [0]
H [1]
H [3]
H [5]
CCY [1, 3, 4]
Y [5]
CZ [6, 6]
H [1]
H [3]
H [5]
CCY [1, 3, 4]
Y [5]
CZ [6, 6]
H [0]
H [1]
H [3]
H [5]
CCY [1, 3, 4]
Y [5]
CZ [6, 6]
CCX [7, 0, 1]
CX [2, 7]
CCY [3, 4, 5]
Z [6]
CCY [3, 4, 5]
Z [6]
CCX [7, 1, 7]
CY [3, 5]
CZ [6, 6]
CCX [7, 0, 1]
CX [2, 7]
CCY [3, 4, 5]
CCZ [6, 0, 1]
CZ [2, 6]
CCX [7, 0, 1]
CCX [2, 3, 4]
X [7]
CY [4, 5]
CCZ [6, 0, 1]
CZ [2, 6]
CCX [7, 0, 2]
CCX [3, 4, 7]
CY [4, 5]
CCZ [6, 0, 2]
Z [6]
CCX [7, 1, 7]
CY [4, 5]
CX [7, 7]
CY [4, 5]
CX [7, 7]
CY [4, 5]
CCX [7, 2, 7]
CCY [2, 4, 5]
CCX [7, 0, 3]
CX [4, 7]
CCY [2, 3, 4]
Y [5]
CCX [7, 0, 2]
CCX [3, 4, 7]
CY [4, 5]
CCX [7, 2, 7]
CCY [2, 4, 5]
CCX [7, 0, 3]
CX [4, 7]
CCY [2, 3, 4]
Y [5]
CCX [7, 0, 2]
CCX [3, 4, 7]
Y [5]
CCZ [6, 0, 3]
CZ [4, 6]
CCX [7, 2, 3]
X [7]
CY [4, 5]
CZ [6, 6]
CY [4, 5]
CZ [6, 6]
CY [4, 5]
CCZ [6, 0, 6]
CCY [2, 4, 5]
CCZ [6, 0, 2]
Z [6]
CCY [2, 3, 4]
Y [5]
CCZ [6, 2, 3]
CZ [4, 6]
CCX [7, 3, 7]
CY [4, 5]
CCZ [6, 2, 6]
CCX [7, 0, 2]
CX [3, 7]
CCY [2, 4, 5]
CCZ [6, 3, 4]
Z [6]
CCX [7, 2, 7]
CCY [2, 3, 4]
Y [5]
CCZ [6, 0, 2]
CCZ [3, 4, 6]
CCX [7, 0, 7]
Z [6]
X [7]

